<?xml version="1.0" encoding="UTF-8"?>
<!-- Generated by org.testng.reporters.JUnitReportReporter -->
<testsuite skipped="0" hostname="DESKTOP-39RB76U" name="com.testcase.testcase_01" tests="1" failures="0" timestamp="2020-08-25T07:12:47 IST" time="13.585" errors="0">
  <testcase name="logintest" time="13.585" classname="com.testcase.testcase_01"/>
  <system-out/>
</testsuite> <!-- com.testcase.testcase_01 -->
