<?xml version="1.0" encoding="UTF-8"?>
<!-- Generated by org.testng.reporters.JUnitReportReporter -->
<testsuite skipped="0" hostname="DESKTOP-39RB76U" name="insuranceproject.Testng" tests="2" failures="0" timestamp="2020-08-20T11:48:30 IST" time="0.024" errors="0">
  <testcase name="test9" time="0.014" classname="insuranceproject.Testng"/>
  <system-out/>
  <testcase name="test5" time="0.010" classname="insuranceproject.Testng"/>
  <system-out/>
</testsuite> <!-- insuranceproject.Testng -->
