<?xml version="1.0" encoding="UTF-8"?>
<!-- Generated by org.testng.reporters.JUnitReportReporter -->
<testsuite skipped="0" hostname="DESKTOP-39RB76U" name="Testngannotation" tests="2" failures="0" timestamp="2020-07-31T13:16:28 IST" time="0.024" errors="0">
  <testcase name="test9" time="0.005" classname="Testngannotation"/>
  <system-out/>
  <testcase name="test5" time="0.019" classname="Testngannotation"/>
  <system-out/>
</testsuite> <!-- Testngannotation -->
